time="2022-04-08T01:02:20+05:00" level=info msg="create router" func="main.main()" file="app.go 22"
time="2022-04-08T01:02:20+05:00" level=info msg="register user handler" func="main.main()" file="app.go 26"
time="2022-04-08T01:04:05+05:00" level=info msg="create router" func="main.main()" file="app.go 21"
time="2022-04-08T01:04:05+05:00" level=info msg="register user handler" func="main.main()" file="app.go 25"
time="2022-04-08T01:04:05+05:00" level=info msg="start application" func="main.start()" file="app.go 37"
time="2022-04-08T01:04:05+05:00" level=info msg="server is listening port 1234" func="main.start()" file="app.go 50"
time="2022-04-08T01:46:33+05:00" level=info msg="create router" func="main.main()" file="app.go 25"
time="2022-04-08T01:46:33+05:00" level=info msg="read application configuration" func="rest-api-test/internal/config.GetConfig.func1()" file="config.go 25"
time="2022-04-08T01:46:33+05:00" level=info func="rest-api-test/internal/config.GetConfig.func1()" file="config.go 29"
time="2022-04-08T01:46:33+05:00" level=fatal msg="open config.yml: The system cannot find the file specified." func="rest-api-test/internal/config.GetConfig.func1()" file="config.go 30"
time="2022-04-08T01:53:00+05:00" level=info msg="create router" func="main.main()" file="app.go 25"
time="2022-04-08T01:53:00+05:00" level=info msg="read application configuration" func="rest-api-test/internal/config.GetConfig.func1()" file="config.go 25"
time="2022-04-08T01:53:00+05:00" level=info func="rest-api-test/internal/config.GetConfig.func1()" file="config.go 29"
time="2022-04-08T01:53:00+05:00" level=fatal msg="open config.yml: The system cannot find the file specified." func="rest-api-test/internal/config.GetConfig.func1()" file="config.go 30"
time="2022-04-08T01:55:56+05:00" level=info msg="create router" func="main.main()" file="app.go 25"
time="2022-04-08T01:55:56+05:00" level=info msg="read application configuration" func="rest-api-test/internal/config.GetConfig.func1()" file="config.go 25"
time="2022-04-08T01:55:56+05:00" level=info func="rest-api-test/internal/config.GetConfig.func1()" file="config.go 29"
time="2022-04-08T01:55:56+05:00" level=fatal msg="open config.yml: The system cannot find the file specified." func="rest-api-test/internal/config.GetConfig.func1()" file="config.go 30"
time="2022-04-08T01:57:40+05:00" level=info msg="create router" func="main.main()" file="app.go 25"
time="2022-04-08T01:57:40+05:00" level=info msg="read application configuration" func="rest-api-test/internal/config.GetConfig.func1()" file="config.go 25"
time="2022-04-08T01:57:40+05:00" level=info func="rest-api-test/internal/config.GetConfig.func1()" file="config.go 29"
time="2022-04-08T01:57:40+05:00" level=fatal msg="open config.yml: The system cannot find the file specified." func="rest-api-test/internal/config.GetConfig.func1()" file="config.go 30"
time="2022-04-08T02:00:53+05:00" level=info msg="create router" func="main.main()" file="app.go 25"
time="2022-04-08T02:00:53+05:00" level=info msg="read application configuration" func="rest-api-test/internal/config.GetConfig.func1()" file="config.go 25"
time="2022-04-08T02:00:53+05:00" level=info func="rest-api-test/internal/config.GetConfig.func1()" file="config.go 29"
time="2022-04-08T02:00:53+05:00" level=fatal msg="open config.yml: The system cannot find the file specified." func="rest-api-test/internal/config.GetConfig.func1()" file="config.go 30"
time="2022-04-08T02:02:15+05:00" level=info msg="create router" func="main.main()" file="app.go 25"
time="2022-04-08T02:02:15+05:00" level=info msg="read application configuration" func="rest-api-test/internal/config.GetConfig.func1()" file="config.go 25"
time="2022-04-08T02:02:15+05:00" level=info func="rest-api-test/internal/config.GetConfig.func1()" file="config.go 29"
time="2022-04-08T02:02:15+05:00" level=fatal msg="open config.yml: The system cannot find the file specified." func="rest-api-test/internal/config.GetConfig.func1()" file="config.go 30"
time="2022-04-08T02:03:59+05:00" level=info msg="create router" func="main.main()" file="app.go 25"
time="2022-04-08T02:03:59+05:00" level=info msg="read application configuration" func="rest-api-test/internal/config.GetConfig.func1()" file="config.go 25"
time="2022-04-08T02:03:59+05:00" level=info func="rest-api-test/internal/config.GetConfig.func1()" file="config.go 29"
time="2022-04-08T02:03:59+05:00" level=fatal msg="open rest-api-test/config.yml: The system cannot find the path specified." func="rest-api-test/internal/config.GetConfig.func1()" file="config.go 30"
time="2022-04-08T02:05:07+05:00" level=info msg="create router" func="main.main()" file="app.go 25"
time="2022-04-08T02:05:07+05:00" level=info msg="read application configuration" func="rest-api-test/internal/config.GetConfig.func1()" file="config.go 25"
time="2022-04-08T02:05:07+05:00" level=info func="rest-api-test/internal/config.GetConfig.func1()" file="config.go 29"
time="2022-04-08T02:05:07+05:00" level=fatal msg="open rest-api-test/config.yml: The system cannot find the path specified." func="rest-api-test/internal/config.GetConfig.func1()" file="config.go 30"
time="2022-04-08T02:05:43+05:00" level=info msg="create router" func="main.main()" file="app.go 25"
time="2022-04-08T02:05:43+05:00" level=info msg="read application configuration" func="rest-api-test/internal/config.GetConfig.func1()" file="config.go 25"
time="2022-04-08T02:05:43+05:00" level=info msg="register user handler" func="main.main()" file="app.go 31"
time="2022-04-08T02:05:43+05:00" level=info msg="start application" func="main.start()" file="app.go 43"
time="2022-04-08T02:05:43+05:00" level=info msg="Listen tcp" func="main.start()" file="app.go 63"
time="2022-04-08T02:05:43+05:00" level=info msg="server is listening port 0.0.0.0:10000" func="main.start()" file="app.go 65"
time="2022-04-08T02:06:45+05:00" level=info msg="create router" func="main.main()" file="app.go 25"
time="2022-04-08T02:06:45+05:00" level=info msg="read application configuration" func="rest-api-test/internal/config.GetConfig.func1()" file="config.go 25"
time="2022-04-08T02:06:45+05:00" level=info func="rest-api-test/internal/config.GetConfig.func1()" file="config.go 29"
time="2022-04-08T02:06:45+05:00" level=fatal msg="open repos/rest-api-test/config.yml: The system cannot find the path specified." func="rest-api-test/internal/config.GetConfig.func1()" file="config.go 30"
time="2022-04-08T02:06:55+05:00" level=info msg="create router" func="main.main()" file="app.go 25"
time="2022-04-08T02:06:55+05:00" level=info msg="read application configuration" func="rest-api-test/internal/config.GetConfig.func1()" file="config.go 25"
time="2022-04-08T02:06:55+05:00" level=info func="rest-api-test/internal/config.GetConfig.func1()" file="config.go 29"
time="2022-04-08T02:06:55+05:00" level=fatal msg="open src/repos/rest-api-test/config.yml: The system cannot find the path specified." func="rest-api-test/internal/config.GetConfig.func1()" file="config.go 30"
time="2022-04-08T02:07:06+05:00" level=info msg="create router" func="main.main()" file="app.go 25"
time="2022-04-08T02:07:06+05:00" level=info msg="read application configuration" func="rest-api-test/internal/config.GetConfig.func1()" file="config.go 25"
time="2022-04-08T02:07:06+05:00" level=info func="rest-api-test/internal/config.GetConfig.func1()" file="config.go 29"
time="2022-04-08T02:07:06+05:00" level=fatal msg="open Go/src/repos/rest-api-test/config.yml: The system cannot find the path specified." func="rest-api-test/internal/config.GetConfig.func1()" file="config.go 30"
time="2022-04-08T02:07:12+05:00" level=info msg="create router" func="main.main()" file="app.go 25"
time="2022-04-08T02:07:12+05:00" level=info msg="read application configuration" func="rest-api-test/internal/config.GetConfig.func1()" file="config.go 25"
time="2022-04-08T02:07:12+05:00" level=info msg="register user handler" func="main.main()" file="app.go 31"
time="2022-04-08T02:07:12+05:00" level=info msg="start application" func="main.start()" file="app.go 43"
time="2022-04-08T02:07:12+05:00" level=info msg="Listen tcp" func="main.start()" file="app.go 63"
time="2022-04-08T02:07:12+05:00" level=info msg="server is listening port 0.0.0.0:1234" func="main.start()" file="app.go 65"
time="2022-07-18T13:12:32+05:00" level=info msg="create router" func="main.main()" file="app.go 25"
time="2022-07-18T13:12:32+05:00" level=info msg="read application configuration" func="rest-api-test/internal/config.GetConfig.func1()" file="config.go 25"
time="2022-07-18T13:12:32+05:00" level=info msg="register user handler" func="main.main()" file="app.go 31"
time="2022-07-18T13:12:32+05:00" level=info msg="start application" func="main.start()" file="app.go 43"
time="2022-07-18T13:12:32+05:00" level=info msg="Listen tcp" func="main.start()" file="app.go 63"
time="2022-07-18T13:12:32+05:00" level=info msg="server is listening port 0.0.0.0:1234" func="main.start()" file="app.go 65"
time="2022-07-18T17:36:08+05:00" level=info msg="create router" func="main.main()" file="app.go 23"
time="2022-07-18T17:36:08+05:00" level=info msg="read application configuration" func="rest-api-test/internal/config.GetConfig.func1()" file="config.go 34"
time="2022-07-18T19:42:50+05:00" level=info msg="create router" func="main.main()" file="app.go 23"
time="2022-07-18T19:42:50+05:00" level=info msg="read application configuration" func="rest-api-test/internal/config.GetConfig.func1()" file="config.go 34"
time="2022-07-18T19:44:07+05:00" level=info msg="create router" func="main.main()" file="app.go 23"
time="2022-07-18T19:44:07+05:00" level=info msg="read application configuration" func="rest-api-test/internal/config.GetConfig.func1()" file="config.go 34"
time="2022-07-18T19:47:49+05:00" level=info msg="create router" func="main.main()" file="app.go 23"
time="2022-07-18T19:47:49+05:00" level=info msg="read application configuration" func="rest-api-test/internal/config.GetConfig.func1()" file="config.go 34"
time="2022-07-19T17:51:00+05:00" level=info msg="create router" func="main.main()" file="app.go 24"
time="2022-07-19T17:51:00+05:00" level=info msg="read application configuration" func="rest-api-test/internal/config.GetConfig.func1()" file="config.go 44"
time="2022-07-19T17:51:00+05:00" level=info msg="register author handler" func="main.main()" file="app.go 36"
time="2022-07-19T17:51:00+05:00" level=info msg="register user handler" func="main.main()" file="app.go 40"
time="2022-07-19T17:51:00+05:00" level=info msg="start application" func="main.start()" file="app.go 52"
time="2022-07-19T17:51:00+05:00" level=info msg="Listen tcp" func="main.start()" file="app.go 72"
time="2022-07-19T17:51:00+05:00" level=info msg="server is listening port 0.0.0.0:1234" func="main.start()" file="app.go 74"
time="2022-07-19T17:51:48+05:00" level=trace msg="SQL Query: %sSQL Query: SELECT id, name FROM author" func="rest-api-test/internal/author/db.(*repository).FindAll()" file="postgresql.go 56"
time="2022-07-19T17:51:48+05:00" level=trace msg="SQL Query: %sSQL Query: SELECT id, name FROM author" func="rest-api-test/internal/author/db.(*repository).FindAll()" file="postgresql.go 56"
time="2022-07-19T17:51:48+05:00" level=trace msg="SQL Query: %sSQL Query: SELECT id, name FROM author" func="rest-api-test/internal/author/db.(*repository).FindAll()" file="postgresql.go 56"
time="2022-07-19T17:51:50+05:00" level=trace msg="SQL Query: %sSQL Query: SELECT id, name FROM author" func="rest-api-test/internal/author/db.(*repository).FindAll()" file="postgresql.go 56"
time="2022-07-19T17:51:50+05:00" level=trace msg="SQL Query: %sSQL Query: SELECT id, name FROM author" func="rest-api-test/internal/author/db.(*repository).FindAll()" file="postgresql.go 56"
time="2022-07-19T17:51:50+05:00" level=trace msg="SQL Query: %sSQL Query: SELECT id, name FROM author" func="rest-api-test/internal/author/db.(*repository).FindAll()" file="postgresql.go 56"
time="2022-07-19T17:51:55+05:00" level=trace msg="SQL Query: %sSQL Query: SELECT id, name FROM author" func="rest-api-test/internal/author/db.(*repository).FindAll()" file="postgresql.go 56"
time="2022-07-19T17:52:25+05:00" level=trace msg="SQL Query: %sSQL Query: SELECT id, name FROM author" func="rest-api-test/internal/author/db.(*repository).FindAll()" file="postgresql.go 56"
time="2022-07-19T17:52:25+05:00" level=trace msg="SQL Query: %sSQL Query: SELECT id, name FROM author" func="rest-api-test/internal/author/db.(*repository).FindAll()" file="postgresql.go 56"
time="2022-07-19T17:52:25+05:00" level=trace msg="SQL Query: %sSQL Query: SELECT id, name FROM author" func="rest-api-test/internal/author/db.(*repository).FindAll()" file="postgresql.go 56"
time="2022-07-19T17:53:03+05:00" level=trace msg="SQL Query: %sSQL Query: SELECT id, name FROM author" func="rest-api-test/internal/author/db.(*repository).FindAll()" file="postgresql.go 56"
time="2022-07-19T17:53:03+05:00" level=trace msg="SQL Query: %sSQL Query: SELECT id, name FROM author" func="rest-api-test/internal/author/db.(*repository).FindAll()" file="postgresql.go 56"
time="2022-07-19T17:53:03+05:00" level=trace msg="SQL Query: %sSQL Query: SELECT id, name FROM author" func="rest-api-test/internal/author/db.(*repository).FindAll()" file="postgresql.go 56"
time="2022-07-19T17:53:04+05:00" level=trace msg="SQL Query: %sSQL Query: SELECT id, name FROM author" func="rest-api-test/internal/author/db.(*repository).FindAll()" file="postgresql.go 56"
time="2022-07-19T17:53:04+05:00" level=trace msg="SQL Query: %sSQL Query: SELECT id, name FROM author" func="rest-api-test/internal/author/db.(*repository).FindAll()" file="postgresql.go 56"
time="2022-07-19T17:53:04+05:00" level=trace msg="SQL Query: %sSQL Query: SELECT id, name FROM author" func="rest-api-test/internal/author/db.(*repository).FindAll()" file="postgresql.go 56"
time="2022-07-19T17:53:09+05:00" level=trace msg="SQL Query: %sSQL Query: SELECT id, name FROM author" func="rest-api-test/internal/author/db.(*repository).FindAll()" file="postgresql.go 56"
time="2022-07-19T17:53:09+05:00" level=trace msg="SQL Query: %sSQL Query: SELECT id, name FROM author" func="rest-api-test/internal/author/db.(*repository).FindAll()" file="postgresql.go 56"
time="2022-07-19T17:53:09+05:00" level=trace msg="SQL Query: %sSQL Query: SELECT id, name FROM author" func="rest-api-test/internal/author/db.(*repository).FindAll()" file="postgresql.go 56"
time="2022-07-19T17:53:39+05:00" level=trace msg="SQL Query: %sSQL Query: SELECT id, name FROM author" func="rest-api-test/internal/author/db.(*repository).FindAll()" file="postgresql.go 56"
time="2022-07-19T17:53:39+05:00" level=trace msg="SQL Query: %sSQL Query: SELECT id, name FROM author" func="rest-api-test/internal/author/db.(*repository).FindAll()" file="postgresql.go 56"
time="2022-07-19T17:53:39+05:00" level=trace msg="SQL Query: %sSQL Query: SELECT id, name FROM author" func="rest-api-test/internal/author/db.(*repository).FindAll()" file="postgresql.go 56"
time="2022-07-19T18:00:00+05:00" level=info msg="create router" func="main.main()" file="app.go 24"
time="2022-07-19T18:00:00+05:00" level=info msg="read application configuration" func="rest-api-test/internal/config.GetConfig.func1()" file="config.go 44"
time="2022-07-19T18:00:04+05:00" level=info msg="register author handler" func="main.main()" file="app.go 36"
time="2022-07-19T18:00:07+05:00" level=info msg="register user handler" func="main.main()" file="app.go 40"
time="2022-07-19T18:01:00+05:00" level=info msg="create router" func="main.main()" file="app.go 23"
time="2022-07-19T18:01:00+05:00" level=info msg="read application configuration" func="rest-api-test/internal/config.GetConfig.func1()" file="config.go 44"
time="2022-07-19T18:01:00+05:00" level=info msg="register author handler" func="main.main()" file="app.go 35"
time="2022-07-19T18:01:00+05:00" level=info msg="start application" func="main.start()" file="app.go 45"
time="2022-07-19T18:01:00+05:00" level=info msg="Listen tcp" func="main.start()" file="app.go 65"
time="2022-07-19T18:01:00+05:00" level=info msg="server is listening port 0.0.0.0:1234" func="main.start()" file="app.go 67"
time="2022-07-19T18:01:08+05:00" level=trace msg="SQL Query: %sSQL Query: SELECT id, name FROM author" func="rest-api-test/internal/author/db.(*repository).FindAll()" file="postgresql.go 56"
time="2022-07-19T18:01:08+05:00" level=trace msg="SQL Query: %sSQL Query: SELECT id, name FROM author" func="rest-api-test/internal/author/db.(*repository).FindAll()" file="postgresql.go 56"
time="2022-07-19T18:01:08+05:00" level=trace msg="SQL Query: %sSQL Query: SELECT id, name FROM author" func="rest-api-test/internal/author/db.(*repository).FindAll()" file="postgresql.go 56"
time="2022-07-19T18:01:09+05:00" level=trace msg="SQL Query: %sSQL Query: SELECT id, name FROM author" func="rest-api-test/internal/author/db.(*repository).FindAll()" file="postgresql.go 56"
time="2022-07-19T18:01:09+05:00" level=trace msg="SQL Query: %sSQL Query: SELECT id, name FROM author" func="rest-api-test/internal/author/db.(*repository).FindAll()" file="postgresql.go 56"
time="2022-07-19T18:01:09+05:00" level=trace msg="SQL Query: %sSQL Query: SELECT id, name FROM author" func="rest-api-test/internal/author/db.(*repository).FindAll()" file="postgresql.go 56"
time="2022-07-19T18:39:19+05:00" level=info msg="create router" func="main.main()" file="app.go 23"
time="2022-07-19T18:39:20+05:00" level=info msg="read application configuration" func="rest-api-test/internal/config.GetConfig.func1()" file="config.go 44"
time="2022-07-19T18:40:10+05:00" level=trace msg="SQL Query: SQL Query: SELECT id, name FROM author;" func="rest-api-test/internal/author/db.(*repository).FindAll()" file="postgresql.go 56"
time="2022-07-19T18:40:21+05:00" level=info msg="create router" func="main.main()" file="app.go 23"
time="2022-07-19T18:40:21+05:00" level=info msg="read application configuration" func="rest-api-test/internal/config.GetConfig.func1()" file="config.go 44"
time="2022-07-19T18:40:36+05:00" level=trace msg="SQL Query: SQL Query: SELECT id, name FROM author;" func="rest-api-test/internal/author/db.(*repository).FindAll()" file="postgresql.go 56"
time="2022-07-19T18:54:40+05:00" level=info msg="create router" func="main.main()" file="app.go 23"
time="2022-07-19T18:54:40+05:00" level=info msg="read application configuration" func="rest-api-test/internal/config.GetConfig.func1()" file="config.go 44"
time="2022-07-19T19:07:16+05:00" level=info msg="create router" func="main.main()" file="app.go 23"
time="2022-07-19T19:07:16+05:00" level=info msg="read application configuration" func="rest-api-test/internal/config.GetConfig.func1()" file="config.go 44"
time="2022-07-19T19:07:27+05:00" level=trace msg="SQL Query: SQL Query: SELECT id, name FROM author;" func="rest-api-test/internal/author/db.(*repository).FindAll()" file="postgresql.go 57"
time="2022-07-19T19:11:28+05:00" level=info msg="create router" func="main.main()" file="app.go 23"
time="2022-07-19T19:11:28+05:00" level=info msg="read application configuration" func="rest-api-test/internal/config.GetConfig.func1()" file="config.go 44"
time="2022-07-19T19:11:31+05:00" level=trace msg="SQL Query: SQL Query: SELECT id, name FROM author;" func="rest-api-test/internal/author/db.(*repository).FindAll()" file="postgresql.go 57"
time="2022-07-20T13:10:05+05:00" level=info msg="create router" func="main.main()" file="app.go 23"
time="2022-07-20T13:10:05+05:00" level=info msg="read application configuration" func="rest-api-test/internal/config.GetConfig.func1()" file="config.go 44"
time="2022-07-20T13:12:54+05:00" level=trace msg="SQL Query: %sSQL Query: SELECT id, name FROM author WHERE id = $1" func="rest-api-test/internal/author/db.(*repository).FindOne()" file="postgresql.go 88"
time="2022-07-20T13:18:41+05:00" level=info msg="create router" func="main.main()" file="app.go 23"
time="2022-07-20T13:18:41+05:00" level=info msg="read application configuration" func="rest-api-test/internal/config.GetConfig.func1()" file="config.go 44"
time="2022-07-20T13:18:52+05:00" level=trace msg="SQL Query: %sSQL Query: SELECT id, name FROM author WHERE id = $1" func="rest-api-test/internal/author/db.(*repository).FindOne()" file="postgresql.go 88"
time="2022-07-20T13:28:01+05:00" level=info msg="create router" func="main.main()" file="app.go 23"
time="2022-07-20T13:28:01+05:00" level=info msg="read application configuration" func="rest-api-test/internal/config.GetConfig.func1()" file="config.go 44"
time="2022-07-20T13:28:11+05:00" level=trace msg="SQL Query: %sSQL Query: SELECT id, name FROM author WHERE id = $1" func="rest-api-test/internal/author/db.(*repository).FindOne()" file="postgresql.go 88"
time="2022-07-20T13:29:53+05:00" level=info msg="create router" func="main.main()" file="app.go 24"
time="2022-07-20T13:29:53+05:00" level=info msg="read application configuration" func="rest-api-test/internal/config.GetConfig.func1()" file="config.go 44"
time="2022-07-20T13:29:56+05:00" level=trace msg="SQL Query: %sSQL Query: SELECT id, name FROM author WHERE id = $1" func="rest-api-test/internal/author/db.(*repository).FindOne()" file="postgresql.go 88"
time="2022-07-20T13:43:19+05:00" level=info msg="create router" func="main.main()" file="app.go 23"
time="2022-07-20T13:43:19+05:00" level=info msg="read application configuration" func="rest-api-test/internal/config.GetConfig.func1()" file="config.go 44"
time="2022-07-20T13:43:31+05:00" level=trace msg="SQL Query: SQL Query: SELECT id, name FROM public.author WHERE id = $1" func="rest-api-test/internal/author/db.(*repository).FindOne()" file="postgresql.go 88"
time="2022-07-20T13:49:12+05:00" level=info msg="create router" func="main.main()" file="app.go 23"
time="2022-07-20T13:49:12+05:00" level=info msg="read application configuration" func="rest-api-test/internal/config.GetConfig.func1()" file="config.go 44"
time="2022-07-20T13:49:56+05:00" level=info msg="create router" func="main.main()" file="app.go 23"
time="2022-07-20T13:49:56+05:00" level=info msg="read application configuration" func="rest-api-test/internal/config.GetConfig.func1()" file="config.go 44"
time="2022-07-20T13:52:58+05:00" level=info msg="create router" func="main.main()" file="app.go 23"
time="2022-07-20T13:52:58+05:00" level=info msg="read application configuration" func="rest-api-test/internal/config.GetConfig.func1()" file="config.go 44"
time="2022-07-20T13:53:28+05:00" level=info msg="create router" func="main.main()" file="app.go 23"
time="2022-07-20T13:53:28+05:00" level=info msg="read application configuration" func="rest-api-test/internal/config.GetConfig.func1()" file="config.go 44"
time="2022-07-20T13:53:53+05:00" level=info msg="create router" func="main.main()" file="app.go 23"
time="2022-07-20T13:53:53+05:00" level=info msg="read application configuration" func="rest-api-test/internal/config.GetConfig.func1()" file="config.go 44"
time="2022-07-20T13:55:31+05:00" level=info msg="create router" func="main.main()" file="app.go 23"
time="2022-07-20T13:55:31+05:00" level=info msg="read application configuration" func="rest-api-test/internal/config.GetConfig.func1()" file="config.go 44"
time="2022-07-20T13:55:47+05:00" level=info msg="create router" func="main.main()" file="app.go 23"
time="2022-07-20T13:55:53+05:00" level=info msg="read application configuration" func="rest-api-test/internal/config.GetConfig.func1()" file="config.go 44"
time="2022-07-20T13:58:34+05:00" level=info msg="create router" func="main.main()" file="app.go 23"
time="2022-07-20T13:58:56+05:00" level=info msg="read application configuration" func="rest-api-test/internal/config.GetConfig.func1()" file="config.go 44"
time="2022-07-20T14:01:11+05:00" level=info msg="create router" func="main.main()" file="app.go 23"
time="2022-07-20T14:01:12+05:00" level=info msg="read application configuration" func="rest-api-test/internal/config.GetConfig.func1()" file="config.go 44"
time="2022-07-20T14:01:30+05:00" level=info msg="create router" func="main.main()" file="app.go 23"
time="2022-07-20T14:01:30+05:00" level=info msg="read application configuration" func="rest-api-test/internal/config.GetConfig.func1()" file="config.go 44"
time="2022-07-20T14:01:57+05:00" level=trace msg="SQL Query: SQL Query: SELECT id, name FROM public.author WHERE id = $1" func="rest-api-test/internal/author/db.(*repository).FindOne()" file="postgresql.go 88"
time="2022-07-20T14:05:07+05:00" level=info msg="create router" func="main.main()" file="app.go 23"
time="2022-07-20T14:05:07+05:00" level=info msg="read application configuration" func="rest-api-test/internal/config.GetConfig.func1()" file="config.go 44"
time="2022-07-20T14:06:13+05:00" level=trace msg="SQL Query: SQL Query: SELECT id, name FROM public.author WHERE id = $1" func="rest-api-test/internal/author/db.(*repository).FindOne()" file="postgresql.go 88"
time="2022-07-20T14:07:45+05:00" level=info msg="create router" func="main.main()" file="app.go 23"
time="2022-07-20T14:07:45+05:00" level=info msg="read application configuration" func="rest-api-test/internal/config.GetConfig.func1()" file="config.go 44"
time="2022-07-20T14:07:45+05:00" level=info msg="register author handler" func="main.main()" file="app.go 36"
time="2022-07-20T14:07:45+05:00" level=info msg="start application" func="main.start()" file="app.go 46"
time="2022-07-20T14:07:45+05:00" level=info msg="Listen tcp" func="main.start()" file="app.go 66"
time="2022-07-20T14:07:45+05:00" level=info msg="server is listening port 0.0.0.0:1234" func="main.start()" file="app.go 68"
time="2022-07-20T14:07:46+05:00" level=trace msg="SQL Query: SQL Query: SELECT id, name FROM author;" func="rest-api-test/internal/author/db.(*repository).FindAll()" file="postgresql.go 57"
time="2022-07-20T14:08:39+05:00" level=trace msg="SQL Query: SQL Query: SELECT id, name FROM author;" func="rest-api-test/internal/author/db.(*repository).FindAll()" file="postgresql.go 57"
time="2022-07-20T14:22:33+05:00" level=info msg="create router" func="main.main()" file="app.go 23"
time="2022-07-20T14:22:33+05:00" level=info msg="read application configuration" func="rest-api-test/internal/config.GetConfig.func1()" file="config.go 44"
time="2022-07-20T14:22:33+05:00" level=info msg="register author handler" func="main.main()" file="app.go 36"
time="2022-07-20T14:22:33+05:00" level=info msg="start application" func="main.start()" file="app.go 46"
time="2022-07-20T14:22:33+05:00" level=info msg="Listen tcp" func="main.start()" file="app.go 66"
time="2022-07-20T14:22:33+05:00" level=info msg="server is listening port 0.0.0.0:1234" func="main.start()" file="app.go 68"
time="2022-07-20T14:22:59+05:00" level=trace msg="SQL Query: SQL Query: SELECT id, name FROM author;" func="rest-api-test/internal/author/db.(*repository).FindAll()" file="postgresql.go 57"
time="2022-07-20T14:29:14+05:00" level=trace msg="SQL Query: SQL Query: SELECT id, name FROM public.author WHERE id = $1" func="rest-api-test/internal/author/db.(*repository).FindOne()" file="postgresql.go 88"
time="2022-07-20T14:29:48+05:00" level=trace msg="SQL Query: SQL Query: SELECT id, name FROM public.author WHERE id = $1" func="rest-api-test/internal/author/db.(*repository).FindOne()" file="postgresql.go 88"
time="2022-07-20T14:30:11+05:00" level=trace msg="SQL Query: SQL Query: SELECT id, name FROM public.author WHERE id = $1" func="rest-api-test/internal/author/db.(*repository).FindOne()" file="postgresql.go 88"
time="2022-07-20T14:30:33+05:00" level=trace msg="SQL Query: SQL Query: SELECT id, name FROM public.author WHERE id = $1" func="rest-api-test/internal/author/db.(*repository).FindOne()" file="postgresql.go 88"
time="2022-07-20T14:30:35+05:00" level=trace msg="SQL Query: SQL Query: SELECT id, name FROM public.author WHERE id = $1" func="rest-api-test/internal/author/db.(*repository).FindOne()" file="postgresql.go 88"
time="2022-07-20T14:33:24+05:00" level=trace msg="SQL Query: SQL Query: SELECT id, name FROM author;" func="rest-api-test/internal/author/db.(*repository).FindAll()" file="postgresql.go 57"
time="2022-07-20T14:56:44+05:00" level=info msg="create router" func="main.main()" file="app.go 23"
time="2022-07-20T14:56:44+05:00" level=info msg="read application configuration" func="rest-api-test/internal/config.GetConfig.func1()" file="config.go 44"
time="2022-07-20T14:56:45+05:00" level=info msg="register author handler" func="main.main()" file="app.go 36"
time="2022-07-20T14:56:45+05:00" level=info msg="start application" func="main.start()" file="app.go 46"
time="2022-07-20T14:56:45+05:00" level=info msg="Listen tcp" func="main.start()" file="app.go 66"
time="2022-07-20T14:56:45+05:00" level=info msg="server is listening port 0.0.0.0:1234" func="main.start()" file="app.go 68"
time="2022-07-20T14:56:58+05:00" level=trace msg="SQL Query: SQL Query: SELECT id, name FROM author WHERE id = $1" func="rest-api-test/internal/author/db.(*repository).FindOne()" file="postgresql.go 88"
time="2022-07-20T14:57:44+05:00" level=info msg="create router" func="main.main()" file="app.go 23"
time="2022-07-20T14:57:44+05:00" level=info msg="read application configuration" func="rest-api-test/internal/config.GetConfig.func1()" file="config.go 44"
time="2022-07-20T14:57:44+05:00" level=info msg="register author handler" func="main.main()" file="app.go 36"
time="2022-07-20T14:57:44+05:00" level=info msg="start application" func="main.start()" file="app.go 46"
time="2022-07-20T14:57:44+05:00" level=info msg="Listen tcp" func="main.start()" file="app.go 66"
time="2022-07-20T14:57:44+05:00" level=info msg="server is listening port 0.0.0.0:1234" func="main.start()" file="app.go 68"
time="2022-07-20T15:06:30+05:00" level=info msg="create router" func="main.main()" file="app.go 23"
time="2022-07-20T15:06:30+05:00" level=info msg="read application configuration" func="rest-api-test/internal/config.GetConfig.func1()" file="config.go 44"
time="2022-07-20T15:06:30+05:00" level=info msg="register author handler" func="main.main()" file="app.go 36"
time="2022-07-20T15:06:30+05:00" level=info msg="start application" func="main.start()" file="app.go 46"
time="2022-07-20T15:06:30+05:00" level=info msg="Listen tcp" func="main.start()" file="app.go 66"
time="2022-07-20T15:06:30+05:00" level=info msg="server is listening port 0.0.0.0:1234" func="main.start()" file="app.go 68"
time="2022-07-20T15:08:01+05:00" level=info msg="create router" func="main.main()" file="app.go 23"
time="2022-07-20T15:08:01+05:00" level=info msg="read application configuration" func="rest-api-test/internal/config.GetConfig.func1()" file="config.go 44"
time="2022-07-20T15:08:01+05:00" level=info msg="register author handler" func="main.main()" file="app.go 36"
time="2022-07-20T15:08:01+05:00" level=info msg="start application" func="main.start()" file="app.go 46"
time="2022-07-20T15:08:01+05:00" level=info msg="Listen tcp" func="main.start()" file="app.go 66"
time="2022-07-20T15:08:01+05:00" level=info msg="server is listening port 0.0.0.0:1234" func="main.start()" file="app.go 68"
time="2022-07-20T15:08:15+05:00" level=trace msg="SQL Query: SQL Query: SELECT id, name FROM author WHERE id = $1" func="rest-api-test/internal/author/db.(*repository).FindOne()" file="postgresql.go 88"
time="2022-07-20T15:14:43+05:00" level=info msg="create router" func="main.main()" file="app.go 23"
time="2022-07-20T15:14:43+05:00" level=info msg="read application configuration" func="rest-api-test/internal/config.GetConfig.func1()" file="config.go 44"
time="2022-07-20T15:14:43+05:00" level=info msg="register author handler" func="main.main()" file="app.go 36"
time="2022-07-20T15:14:43+05:00" level=info msg="start application" func="main.start()" file="app.go 46"
time="2022-07-20T15:14:43+05:00" level=info msg="Listen tcp" func="main.start()" file="app.go 66"
time="2022-07-20T15:14:43+05:00" level=info msg="server is listening port 0.0.0.0:1234" func="main.start()" file="app.go 68"
time="2022-07-20T15:14:56+05:00" level=trace msg="SQL Query: SQL Query: SELECT id, name FROM author WHERE id = $1" func="rest-api-test/internal/author/db.(*repository).FindOne()" file="postgresql.go 88"
time="2022-07-20T15:15:01+05:00" level=trace msg="SQL Query: SQL Query: SELECT id, name FROM author WHERE id = $1" func="rest-api-test/internal/author/db.(*repository).FindOne()" file="postgresql.go 88"
time="2022-07-20T15:15:20+05:00" level=trace msg="SQL Query: SQL Query: SELECT id, name FROM author WHERE id = $1" func="rest-api-test/internal/author/db.(*repository).FindOne()" file="postgresql.go 88"
time="2022-07-20T15:29:00+05:00" level=info msg="create router" func="main.main()" file="app.go 23"
time="2022-07-20T15:29:00+05:00" level=info msg="read application configuration" func="rest-api-test/internal/config.GetConfig.func1()" file="config.go 44"
time="2022-07-20T15:29:01+05:00" level=info msg="register author handler" func="main.main()" file="app.go 36"
time="2022-07-20T15:29:01+05:00" level=info msg="start application" func="main.start()" file="app.go 46"
time="2022-07-20T15:29:01+05:00" level=info msg="Listen tcp" func="main.start()" file="app.go 66"
time="2022-07-20T15:29:01+05:00" level=info msg="server is listening port 0.0.0.0:1234" func="main.start()" file="app.go 68"
time="2022-07-20T15:29:12+05:00" level=trace msg="SQL Query: SQL Query: SELECT id, name FROM author WHERE id = $1" func="rest-api-test/internal/author/db.(*repository).FindOne()" file="postgresql.go 90"
time="2022-07-20T15:33:04+05:00" level=info msg="create router" func="main.main()" file="app.go 23"
time="2022-07-20T15:33:04+05:00" level=info msg="read application configuration" func="rest-api-test/internal/config.GetConfig.func1()" file="config.go 44"
time="2022-07-20T15:33:04+05:00" level=info msg="register author handler" func="main.main()" file="app.go 36"
time="2022-07-20T15:33:04+05:00" level=info msg="start application" func="main.start()" file="app.go 46"
time="2022-07-20T15:33:04+05:00" level=info msg="Listen tcp" func="main.start()" file="app.go 66"
time="2022-07-20T15:33:04+05:00" level=info msg="server is listening port 0.0.0.0:1234" func="main.start()" file="app.go 68"
time="2022-07-20T15:33:14+05:00" level=trace msg="SQL Query: SQL Query: SELECT id, name FROM author WHERE id = $1" func="rest-api-test/internal/author/db.(*repository).FindOne()" file="postgresql.go 90"
time="2022-07-20T15:33:27+05:00" level=trace msg="SQL Query: SQL Query: SELECT id, name FROM author WHERE id = $1" func="rest-api-test/internal/author/db.(*repository).FindOne()" file="postgresql.go 90"
time="2022-07-20T16:02:01+05:00" level=trace msg="SQL Query: SQL Query: SELECT id, name FROM author;" func="rest-api-test/internal/author/db.(*repository).FindAll()" file="postgresql.go 59"
time="2022-07-20T16:02:06+05:00" level=trace msg="SQL Query: SQL Query: SELECT id, name FROM author WHERE id = $1" func="rest-api-test/internal/author/db.(*repository).FindOne()" file="postgresql.go 90"
time="2022-07-20T16:07:13+05:00" level=trace msg="SQL Query: SQL Query: SELECT id, name FROM author;" func="rest-api-test/internal/author/db.(*repository).FindAll()" file="postgresql.go 59"
time="2022-07-20T16:07:26+05:00" level=trace msg="SQL Query: SQL Query: SELECT id, name FROM author WHERE id = $1" func="rest-api-test/internal/author/db.(*repository).FindOne()" file="postgresql.go 90"
time="2022-07-20T16:10:25+05:00" level=trace msg="SQL Query: SQL Query: SELECT id, name FROM author WHERE id = $1" func="rest-api-test/internal/author/db.(*repository).FindOne()" file="postgresql.go 90"
time="2022-07-20T16:21:57+05:00" level=trace msg="SQL Query: SQL Query: SELECT id, name FROM author;" func="rest-api-test/internal/author/db.(*repository).FindAll()" file="postgresql.go 59"
time="2022-07-20T16:22:06+05:00" level=trace msg="SQL Query: SQL Query: SELECT id, name FROM author WHERE id = $1" func="rest-api-test/internal/author/db.(*repository).FindOne()" file="postgresql.go 90"
time="2022-07-20T16:22:12+05:00" level=trace msg="SQL Query: SQL Query: SELECT id, name FROM author;" func="rest-api-test/internal/author/db.(*repository).FindAll()" file="postgresql.go 59"
time="2022-07-20T16:23:05+05:00" level=trace msg="SQL Query: SQL Query: SELECT id, name FROM author WHERE id = $1" func="rest-api-test/internal/author/db.(*repository).FindOne()" file="postgresql.go 90"
time="2022-07-20T16:23:11+05:00" level=trace msg="SQL Query: SQL Query: SELECT id, name FROM author WHERE id = $1" func="rest-api-test/internal/author/db.(*repository).FindOne()" file="postgresql.go 90"
time="2022-07-20T16:51:16+05:00" level=trace msg="SQL Query: SQL Query: SELECT id, name FROM author WHERE id = $1" func="rest-api-test/internal/author/db.(*repository).FindOne()" file="postgresql.go 90"
time="2022-07-20T16:51:37+05:00" level=info msg="create router" func="main.main()" file="app.go 23"
time="2022-07-20T16:51:37+05:00" level=info msg="read application configuration" func="rest-api-test/internal/config.GetConfig.func1()" file="config.go 44"
time="2022-07-20T16:51:37+05:00" level=info msg="register author handler" func="main.main()" file="app.go 35"
time="2022-07-20T16:51:37+05:00" level=info msg="start application" func="main.start()" file="app.go 45"
time="2022-07-20T16:51:37+05:00" level=info msg="Listen tcp" func="main.start()" file="app.go 65"
time="2022-07-20T16:51:37+05:00" level=info msg="server is listening port 0.0.0.0:1234" func="main.start()" file="app.go 67"
time="2022-07-20T16:51:43+05:00" level=trace msg="SQL Query: SQL Query: SELECT id, name FROM author WHERE id = $1" func="rest-api-test/internal/author/db.(*repository).FindOne()" file="postgresql.go 90"
time="2022-07-20T16:52:25+05:00" level=trace msg="SQL Query: SQL Query: SELECT id, name FROM author WHERE id = $1" func="rest-api-test/internal/author/db.(*repository).FindOne()" file="postgresql.go 90"
time="2022-07-20T17:35:23+05:00" level=info msg="create router" func="main.main()" file="app.go 23"
time="2022-07-20T17:35:23+05:00" level=info msg="read application configuration" func="rest-api-test/internal/config.GetConfig.func1()" file="config.go 44"
time="2022-07-20T17:35:23+05:00" level=info msg="register author handler" func="main.main()" file="app.go 35"
time="2022-07-20T17:35:23+05:00" level=info msg="start application" func="main.start()" file="app.go 45"
time="2022-07-20T17:35:23+05:00" level=info msg="Listen tcp" func="main.start()" file="app.go 65"
time="2022-07-20T17:35:23+05:00" level=info msg="server is listening port 0.0.0.0:1234" func="main.start()" file="app.go 67"
time="2022-07-20T17:37:53+05:00" level=info msg="create router" func="main.main()" file="app.go 23"
time="2022-07-20T17:37:53+05:00" level=info msg="read application configuration" func="rest-api-test/internal/config.GetConfig.func1()" file="config.go 44"
time="2022-07-20T17:37:54+05:00" level=info msg="register author handler" func="main.main()" file="app.go 35"
time="2022-07-20T17:37:54+05:00" level=info msg="start application" func="main.start()" file="app.go 45"
time="2022-07-20T17:37:54+05:00" level=info msg="Listen tcp" func="main.start()" file="app.go 65"
time="2022-07-20T17:37:54+05:00" level=info msg="server is listening port 0.0.0.0:1234" func="main.start()" file="app.go 67"
time="2022-07-20T17:46:14+05:00" level=info msg="create router" func="main.main()" file="app.go 23"
time="2022-07-20T17:46:14+05:00" level=info msg="read application configuration" func="rest-api-test/internal/config.GetConfig.func1()" file="config.go 44"
time="2022-07-20T17:46:14+05:00" level=info msg="register author handler" func="main.main()" file="app.go 35"
time="2022-07-20T17:46:14+05:00" level=info msg="start application" func="main.start()" file="app.go 45"
time="2022-07-20T17:46:14+05:00" level=info msg="Listen tcp" func="main.start()" file="app.go 65"
time="2022-07-20T17:46:14+05:00" level=info msg="server is listening port 0.0.0.0:1234" func="main.start()" file="app.go 67"
time="2022-07-20T18:04:40+05:00" level=info msg="create router" func="main.main()" file="app.go 23"
time="2022-07-20T18:04:40+05:00" level=info msg="read application configuration" func="rest-api-test/internal/config.GetConfig.func1()" file="config.go 44"
time="2022-07-20T18:04:40+05:00" level=info msg="register author handler" func="main.main()" file="app.go 35"
time="2022-07-20T18:04:40+05:00" level=info msg="start application" func="main.start()" file="app.go 45"
time="2022-07-20T18:04:40+05:00" level=info msg="Listen tcp" func="main.start()" file="app.go 65"
time="2022-07-20T18:04:40+05:00" level=info msg="server is listening port 0.0.0.0:1234" func="main.start()" file="app.go 67"
time="2022-07-20T18:35:26+05:00" level=info msg="create router" func="main.main()" file="app.go 23"
time="2022-07-20T18:35:26+05:00" level=info msg="read application configuration" func="rest-api-test/internal/config.GetConfig.func1()" file="config.go 44"
time="2022-07-20T18:35:26+05:00" level=info msg="register author handler" func="main.main()" file="app.go 35"
time="2022-07-20T18:35:26+05:00" level=info msg="start application" func="main.start()" file="app.go 45"
time="2022-07-20T18:35:26+05:00" level=info msg="Listen tcp" func="main.start()" file="app.go 65"
time="2022-07-20T18:35:26+05:00" level=info msg="server is listening port 0.0.0.0:1234" func="main.start()" file="app.go 67"
time="2022-07-20T18:35:53+05:00" level=trace msg="SQL Query: INSERT INTO author(name)VALUES($1)RETURNING id" func="rest-api-test/internal/author/db.(*repository).Create()" file="postgresql.go 40"
time="2022-07-20T18:36:25+05:00" level=trace msg="SQL Query: INSERT INTO author(name)VALUES($1)RETURNING id" func="rest-api-test/internal/author/db.(*repository).Create()" file="postgresql.go 40"
time="2022-07-20T18:44:20+05:00" level=info msg="create router" func="main.main()" file="app.go 23"
time="2022-07-20T18:44:20+05:00" level=info msg="read application configuration" func="rest-api-test/internal/config.GetConfig.func1()" file="config.go 44"
time="2022-07-20T18:44:20+05:00" level=info msg="register author handler" func="main.main()" file="app.go 35"
time="2022-07-20T18:44:20+05:00" level=info msg="start application" func="main.start()" file="app.go 45"
time="2022-07-20T18:44:20+05:00" level=info msg="Listen tcp" func="main.start()" file="app.go 65"
time="2022-07-20T18:44:20+05:00" level=info msg="server is listening port 0.0.0.0:1234" func="main.start()" file="app.go 67"
time="2022-07-20T18:45:06+05:00" level=trace msg="SQL Query: SQL Query: UPDATE author SET name = $1 where id = $2" func="rest-api-test/internal/author/db.(*repository).Update()" file="postgresql.go 111"
